17:17:47.476 [main] INFO  testCases.TC003_LoginTestDDT - HomePage click on login
17:17:47.796 [main] INFO  testCases.TC003_LoginTestDDT - HomePage done
17:17:47.796 [main] INFO  testCases.TC003_LoginTestDDT - loginpage start
17:17:47.803 [main] INFO  testCases.TC003_LoginTestDDT - login fill details
17:17:48.269 [main] INFO  testCases.TC003_LoginTestDDT - LoginPage done
17:17:48.270 [main] INFO  testCases.TC003_LoginTestDDT - 111111
17:17:48.271 [main] INFO  testCases.TC003_LoginTestDDT - 222222
17:17:56.284 [main] INFO  testCases.TC003_LoginTestDDT - ******* Starting TC003_LoginTestDDT************
17:17:56.314 [main] INFO  testCases.TC003_LoginTestDDT - ******* Starting TC003_LoginTestDDT************
17:17:56.318 [main] INFO  testCases.TC003_LoginTestDDT - HomePage start
17:17:56.321 [main] INFO  testCases.TC003_LoginTestDDT - HomePage click on acc
17:17:56.377 [main] INFO  testCases.TC003_LoginTestDDT - ******* Starting TC003_LoginTestDDT************
17:20:23.716 [main] INFO  testCases.TC003_LoginTestDDT - ******* Starting TC003_LoginTestDDT************
17:20:23.725 [main] INFO  testCases.TC003_LoginTestDDT - HomePage start
17:20:23.794 [main] INFO  testCases.TC003_LoginTestDDT - HomePage click on acc
17:20:24.049 [main] INFO  testCases.TC003_LoginTestDDT - HomePage click on login
17:20:24.544 [main] INFO  testCases.TC003_LoginTestDDT - HomePage done
17:20:24.544 [main] INFO  testCases.TC003_LoginTestDDT - loginpage start
17:20:24.546 [main] INFO  testCases.TC003_LoginTestDDT - login fill details
17:20:26.549 [main] INFO  testCases.TC003_LoginTestDDT - LoginPage done
17:20:26.549 [main] INFO  testCases.TC003_LoginTestDDT - 111111
17:20:26.560 [main] INFO  testCases.TC003_LoginTestDDT - 222222
17:20:26.875 [main] INFO  testCases.TC003_LoginTestDDT - ******* Starting TC003_LoginTestDDT************
17:20:26.929 [main] INFO  testCases.TC003_LoginTestDDT - ******* Starting TC003_LoginTestDDT************
17:20:26.932 [main] INFO  testCases.TC003_LoginTestDDT - HomePage start
17:20:26.935 [main] INFO  testCases.TC003_LoginTestDDT - HomePage click on acc
17:20:27.063 [main] INFO  testCases.TC003_LoginTestDDT - HomePage click on login
17:20:37.030 [main] INFO  testCases.TC003_LoginTestDDT - ******* Starting TC003_LoginTestDDT************
17:20:37.389 [main] INFO  testCases.TC003_LoginTestDDT - ******* Starting TC003_LoginTestDDT************
17:20:37.390 [main] INFO  testCases.TC003_LoginTestDDT - HomePage start
17:20:37.390 [main] INFO  testCases.TC003_LoginTestDDT - HomePage click on acc
17:20:37.531 [main] INFO  testCases.TC003_LoginTestDDT - HomePage click on login
17:20:42.790 [main] INFO  testCases.TC003_LoginTestDDT - HomePage done
17:20:42.790 [main] INFO  testCases.TC003_LoginTestDDT - loginpage start
17:20:42.792 [main] INFO  testCases.TC003_LoginTestDDT - login fill details
17:20:53.271 [main] INFO  testCases.TC003_LoginTestDDT - LoginPage done
17:20:53.274 [main] INFO  testCases.TC003_LoginTestDDT - 111111
17:20:53.277 [main] INFO  testCases.TC003_LoginTestDDT - 222222
17:20:54.030 [main] INFO  testCases.TC003_LoginTestDDT - ******* Starting TC003_LoginTestDDT************
17:20:54.052 [main] INFO  testCases.TC003_LoginTestDDT - ******* Starting TC003_LoginTestDDT************
17:20:54.054 [main] INFO  testCases.TC003_LoginTestDDT - HomePage start
17:20:54.055 [main] INFO  testCases.TC003_LoginTestDDT - HomePage click on acc
17:20:54.174 [main] INFO  testCases.TC003_LoginTestDDT - HomePage click on login
17:20:54.558 [main] INFO  testCases.TC003_LoginTestDDT - HomePage done
17:20:54.558 [main] INFO  testCases.TC003_LoginTestDDT - loginpage start
17:20:54.561 [main] INFO  testCases.TC003_LoginTestDDT - login fill details
17:20:58.306 [main] INFO  testCases.TC003_LoginTestDDT - LoginPage done
17:20:58.306 [main] INFO  testCases.TC003_LoginTestDDT - 111111
17:20:58.306 [main] INFO  testCases.TC003_LoginTestDDT - 222222
17:23:58.327 [main] INFO  testCases.TC003_LoginTestDDT - ******* Starting TC003_LoginTestDDT************
17:23:58.339 [main] INFO  testCases.TC003_LoginTestDDT - ******* Starting TC003_LoginTestDDT************
17:23:58.343 [main] INFO  testCases.TC003_LoginTestDDT - HomePage start
17:23:58.344 [main] INFO  testCases.TC003_LoginTestDDT - HomePage click on acc
17:26:58.356 [main] INFO  testCases.TC003_LoginTestDDT - ******* Starting TC003_LoginTestDDT************
