17:14:20.065 [main] INFO  testCases.TC001_AccountRegistrationTest - *Providing customer details..*
17:14:26.733 [main] INFO  testCases.TC001_AccountRegistrationTest - *Validating expected message...*
17:14:26.823 [main] INFO  testCases.TC001_AccountRegistrationTest - *******Finishing TC001_FillDetailsTest******
17:14:30.183 [main] INFO  testCases.TC002_FillLoginDetailsTest - ******* Starting Login test *******
17:14:31.083 [main] INFO  testCases.TC002_FillLoginDetailsTest - *Clicked on My Account...*
17:14:31.529 [main] INFO  testCases.TC002_FillLoginDetailsTest - *Clicked on Login...*
17:14:31.531 [main] INFO  testCases.TC002_FillLoginDetailsTest - *Entering Login Details...*
17:14:37.893 [main] INFO  testCases.TC002_FillLoginDetailsTest - *Checking the MyAccountPage...*
17:14:37.894 [main] INFO  testCases.TC002_FillLoginDetailsTest - ******* Finishing Login test *******
17:14:47.621 [main] INFO  testCases.TC003_LoginTestDDT - ******* Starting TC003_LoginTestDDT************
17:14:47.623 [main] INFO  testCases.TC003_LoginTestDDT - HomePage start
17:14:47.627 [main] INFO  testCases.TC003_LoginTestDDT - HomePage click on acc
17:14:47.835 [main] INFO  testCases.TC003_LoginTestDDT - HomePage click on login
17:14:48.507 [main] INFO  testCases.TC003_LoginTestDDT - HomePage done
17:14:48.507 [main] INFO  testCases.TC003_LoginTestDDT - loginpage start
17:14:48.508 [main] INFO  testCases.TC003_LoginTestDDT - login fill details
17:14:49.059 [main] INFO  testCases.TC003_LoginTestDDT - LoginPage done
17:14:49.060 [main] INFO  testCases.TC003_LoginTestDDT - 111111
17:14:49.060 [main] INFO  testCases.TC003_LoginTestDDT - 222222
17:14:51.294 [main] INFO  testCases.TC003_LoginTestDDT - ******* Starting TC003_LoginTestDDT************
17:14:51.331 [main] INFO  testCases.TC003_LoginTestDDT - ******* Starting TC003_LoginTestDDT************
17:14:51.332 [main] INFO  testCases.TC003_LoginTestDDT - HomePage start
17:14:51.332 [main] INFO  testCases.TC003_LoginTestDDT - HomePage click on acc
17:14:51.485 [main] INFO  testCases.TC003_LoginTestDDT - HomePage click on login
17:14:57.076 [main] INFO  testCases.TC003_LoginTestDDT - ******* Starting TC003_LoginTestDDT************
17:14:57.437 [main] INFO  testCases.TC003_LoginTestDDT - ******* Starting TC003_LoginTestDDT************
17:14:57.438 [main] INFO  testCases.TC003_LoginTestDDT - HomePage start
17:14:57.438 [main] INFO  testCases.TC003_LoginTestDDT - HomePage click on acc
17:14:57.647 [main] INFO  testCases.TC003_LoginTestDDT - HomePage click on login
17:14:58.109 [main] INFO  testCases.TC003_LoginTestDDT - HomePage done
17:14:58.109 [main] INFO  testCases.TC003_LoginTestDDT - loginpage start
17:14:58.109 [main] INFO  testCases.TC003_LoginTestDDT - login fill details
17:14:58.551 [main] INFO  testCases.TC003_LoginTestDDT - LoginPage done
17:14:58.551 [main] INFO  testCases.TC003_LoginTestDDT - 111111
17:14:58.553 [main] INFO  testCases.TC003_LoginTestDDT - 222222
17:15:14.137 [main] INFO  testCases.TC003_LoginTestDDT - ******* Starting TC003_LoginTestDDT************
17:15:14.141 [main] INFO  testCases.TC003_LoginTestDDT - ******* Starting TC003_LoginTestDDT************
17:15:14.141 [main] INFO  testCases.TC003_LoginTestDDT - HomePage start
17:15:14.142 [main] INFO  testCases.TC003_LoginTestDDT - HomePage click on acc
17:15:14.151 [main] INFO  testCases.TC003_LoginTestDDT - ******* Starting TC003_LoginTestDDT************
17:17:30.242 [main] INFO  testCases.TC003_LoginTestDDT - ******* Starting TC003_LoginTestDDT************
17:17:30.250 [main] INFO  testCases.TC003_LoginTestDDT - HomePage start
17:17:30.311 [main] INFO  testCases.TC003_LoginTestDDT - HomePage click on acc
17:17:30.583 [main] INFO  testCases.TC003_LoginTestDDT - HomePage click on login
17:17:31.322 [main] INFO  testCases.TC003_LoginTestDDT - HomePage done
17:17:31.322 [main] INFO  testCases.TC003_LoginTestDDT - loginpage start
17:17:31.324 [main] INFO  testCases.TC003_LoginTestDDT - login fill details
17:17:31.927 [main] INFO  testCases.TC003_LoginTestDDT - LoginPage done
17:17:31.928 [main] INFO  testCases.TC003_LoginTestDDT - 111111
17:17:31.930 [main] INFO  testCases.TC003_LoginTestDDT - 222222
17:17:33.364 [main] INFO  testCases.TC003_LoginTestDDT - ******* Starting TC003_LoginTestDDT************
17:17:33.423 [main] INFO  testCases.TC003_LoginTestDDT - ******* Starting TC003_LoginTestDDT************
17:17:33.423 [main] INFO  testCases.TC003_LoginTestDDT - HomePage start
17:17:33.425 [main] INFO  testCases.TC003_LoginTestDDT - HomePage click on acc
17:17:33.562 [main] INFO  testCases.TC003_LoginTestDDT - HomePage click on login
17:17:46.960 [main] INFO  testCases.TC003_LoginTestDDT - ******* Starting TC003_LoginTestDDT************
17:17:47.324 [main] INFO  testCases.TC003_LoginTestDDT - ******* Starting TC003_LoginTestDDT************
17:17:47.324 [main] INFO  testCases.TC003_LoginTestDDT - HomePage start
17:17:47.326 [main] INFO  testCases.TC003_LoginTestDDT - HomePage click on acc
