18:52:03.128 [main] INFO  testCases.TC003_LoginTestDDT - ******* Starting TC003_LoginTestDDT************
18:52:03.194 [main] INFO  testCases.TC003_LoginTestDDT - HomePage start
18:52:03.196 [main] INFO  testCases.TC003_LoginTestDDT - HomePage click on acc
18:52:03.209 [main] INFO  testCases.TC003_LoginTestDDT - ******* Starting TC003_LoginTestDDT************
18:52:03.218 [main] INFO  testCases.TC003_LoginTestDDT - ******* Starting TC003_LoginTestDDT************
18:52:03.219 [main] INFO  testCases.TC003_LoginTestDDT - HomePage start
18:52:03.221 [main] INFO  testCases.TC003_LoginTestDDT - HomePage click on acc
18:52:03.235 [main] INFO  testCases.TC003_LoginTestDDT - ******* Starting TC003_LoginTestDDT************
18:52:03.244 [main] INFO  testCases.TC003_LoginTestDDT - ******* Starting TC003_LoginTestDDT************
18:52:03.244 [main] INFO  testCases.TC003_LoginTestDDT - HomePage start
18:52:03.245 [main] INFO  testCases.TC003_LoginTestDDT - HomePage click on acc
18:52:03.255 [main] INFO  testCases.TC003_LoginTestDDT - ******* Starting TC003_LoginTestDDT************
18:52:03.260 [main] INFO  testCases.TC003_LoginTestDDT - ******* Starting TC003_LoginTestDDT************
18:52:03.260 [main] INFO  testCases.TC003_LoginTestDDT - HomePage start
18:52:03.261 [main] INFO  testCases.TC003_LoginTestDDT - HomePage click on acc
18:52:03.270 [main] INFO  testCases.TC003_LoginTestDDT - ******* Starting TC003_LoginTestDDT************
18:52:09.362 [main] INFO  testCases.TC003_LoginTestDDT - ******* Starting TC003_LoginTestDDT************
18:52:09.367 [main] INFO  testCases.TC003_LoginTestDDT - ******* Starting TC003_LoginTestDDT************
18:52:09.368 [main] INFO  testCases.TC003_LoginTestDDT - HomePage start
18:52:09.370 [main] INFO  testCases.TC003_LoginTestDDT - HomePage click on acc
18:52:09.381 [main] INFO  testCases.TC003_LoginTestDDT - ******* Starting TC003_LoginTestDDT************
18:52:09.387 [main] INFO  testCases.TC003_LoginTestDDT - ******* Starting TC003_LoginTestDDT************
18:52:09.388 [main] INFO  testCases.TC003_LoginTestDDT - HomePage start
18:52:09.388 [main] INFO  testCases.TC003_LoginTestDDT - HomePage click on acc
18:52:09.394 [main] INFO  testCases.TC003_LoginTestDDT - ******* Starting TC003_LoginTestDDT************
18:52:09.401 [main] INFO  testCases.TC003_LoginTestDDT - ******* Starting TC003_LoginTestDDT************
18:52:09.401 [main] INFO  testCases.TC003_LoginTestDDT - HomePage start
18:52:09.402 [main] INFO  testCases.TC003_LoginTestDDT - HomePage click on acc
18:52:09.410 [main] INFO  testCases.TC003_LoginTestDDT - ******* Starting TC003_LoginTestDDT************
18:52:09.416 [main] INFO  testCases.TC003_LoginTestDDT - ******* Starting TC003_LoginTestDDT************
18:52:09.416 [main] INFO  testCases.TC003_LoginTestDDT - HomePage start
18:52:09.417 [main] INFO  testCases.TC003_LoginTestDDT - HomePage click on acc
18:52:09.423 [main] INFO  testCases.TC003_LoginTestDDT - ******* Starting TC003_LoginTestDDT************
18:53:33.981 [main] INFO  testCases.TC003_LoginTestDDT - ******* Starting TC003_LoginTestDDT************
18:53:33.991 [main] INFO  testCases.TC003_LoginTestDDT - HomePage start
18:53:34.064 [main] INFO  testCases.TC003_LoginTestDDT - HomePage click on acc
18:53:34.273 [main] INFO  testCases.TC003_LoginTestDDT - HomePage click on login
18:53:34.879 [main] INFO  testCases.TC003_LoginTestDDT - HomePage done
18:53:34.879 [main] INFO  testCases.TC003_LoginTestDDT - loginpage start
18:53:34.888 [main] INFO  testCases.TC003_LoginTestDDT - login fill details
18:53:36.057 [main] INFO  testCases.TC003_LoginTestDDT - LoginPage done
18:53:36.057 [main] INFO  testCases.TC003_LoginTestDDT - 111111
18:53:36.059 [main] INFO  testCases.TC003_LoginTestDDT - 222222
18:54:14.236 [main] INFO  testCases.TC003_LoginTestDDT - ******* Starting TC003_LoginTestDDT************
18:54:14.246 [main] INFO  testCases.TC003_LoginTestDDT - ******* Starting TC003_LoginTestDDT************
18:54:14.246 [main] INFO  testCases.TC003_LoginTestDDT - HomePage start
18:54:14.249 [main] INFO  testCases.TC003_LoginTestDDT - HomePage click on acc
18:54:14.278 [main] INFO  testCases.TC003_LoginTestDDT - ******* Starting TC003_LoginTestDDT************
18:54:14.287 [main] INFO  testCases.TC003_LoginTestDDT - ******* Starting TC003_LoginTestDDT************
18:54:14.287 [main] INFO  testCases.TC003_LoginTestDDT - HomePage start
18:54:14.288 [main] INFO  testCases.TC003_LoginTestDDT - HomePage click on acc
18:54:14.295 [main] INFO  testCases.TC003_LoginTestDDT - ******* Starting TC003_LoginTestDDT************
18:54:14.301 [main] INFO  testCases.TC003_LoginTestDDT - ******* Starting TC003_LoginTestDDT************
18:54:14.301 [main] INFO  testCases.TC003_LoginTestDDT - HomePage start
18:54:14.302 [main] INFO  testCases.TC003_LoginTestDDT - HomePage click on acc
18:54:14.310 [main] INFO  testCases.TC003_LoginTestDDT - ******* Starting TC003_LoginTestDDT************
18:59:53.047 [main] INFO  testCases.TC003_LoginTestDDT - ******* Starting TC003_LoginTestDDT************
